<?xml version="1.0" encoding="UTF-8"?>
<testng-results ignored="0" total="1" passed="1" failed="0" skipped="0">
  <reporter-output>
  </reporter-output>
  <suite started-at="2024-09-05T17:07:39 IST" name="Default suite" finished-at="2024-09-05T17:07:46 IST" duration-ms="6963">
    <groups>
    </groups>
    <test started-at="2024-09-05T17:07:39 IST" name="Default test" finished-at="2024-09-05T17:07:46 IST" duration-ms="6963">
      <class name="TestCases.TC_02_Enterpage">
        <test-method is-config="true" signature="StartReport()[pri:0, instance:TestCases.TC_02_Enterpage@63475ace]" started-at="2024-09-05T17:07:39 IST" name="StartReport" finished-at="2024-09-05T17:07:39 IST" duration-ms="138" status="PASS">
          <reporter-output>
          </reporter-output>
        </test-method> <!-- StartReport -->
        <test-method is-config="true" signature="setup()[pri:0, instance:TestCases.TC_02_Enterpage@63475ace]" started-at="2024-09-05T17:07:39 IST" name="setup" finished-at="2024-09-05T17:07:39 IST" duration-ms="1" status="PASS">
          <reporter-output>
          </reporter-output>
        </test-method> <!-- setup -->
        <test-method is-config="true" signature="testDetails()[pri:0, instance:TestCases.TC_02_Enterpage@63475ace]" started-at="2024-09-05T17:07:39 IST" name="testDetails" finished-at="2024-09-05T17:07:39 IST" duration-ms="5" status="PASS">
          <reporter-output>
          </reporter-output>
        </test-method> <!-- testDetails -->
        <test-method is-config="true" signature="start()[pri:0, instance:TestCases.TC_02_Enterpage@63475ace]" started-at="2024-09-05T17:07:39 IST" name="start" finished-at="2024-09-05T17:07:42 IST" duration-ms="2399" status="PASS">
          <reporter-output>
          </reporter-output>
        </test-method> <!-- start -->
        <test-method signature="TC_02_Enterpage()[pri:2, instance:TestCases.TC_02_Enterpage@63475ace]" started-at="2024-09-05T17:07:42 IST" name="TC_02_Enterpage" finished-at="2024-09-05T17:07:46 IST" duration-ms="4434" status="PASS">
          <reporter-output>
          </reporter-output>
        </test-method> <!-- TC_02_Enterpage -->
        <test-method is-config="true" signature="close()[pri:0, instance:TestCases.TC_02_Enterpage@63475ace]" started-at="2024-09-05T17:07:46 IST" name="close" finished-at="2024-09-05T17:07:46 IST" duration-ms="108" status="PASS">
          <reporter-output>
          </reporter-output>
        </test-method> <!-- close -->
        <test-method is-config="true" signature="endReport()[pri:0, instance:TestCases.TC_02_Enterpage@63475ace]" started-at="2024-09-05T17:07:46 IST" name="endReport" finished-at="2024-09-05T17:07:46 IST" duration-ms="203" status="PASS">
          <reporter-output>
          </reporter-output>
        </test-method> <!-- endReport -->
      </class> <!-- TestCases.TC_02_Enterpage -->
    </test> <!-- Default test -->
  </suite> <!-- Default suite -->
</testng-results>
